<html xmlns:math="http://exslt.org/math" xmlns:testng="http://testng.org">
   <head>
      <title>TestNG Results</title>
      <meta http-equiv="content-type" content="text/html; charset=utf-8"></meta>
      <meta http-equiv="pragma" content="no-cache"></meta>
      <meta http-equiv="cache-control" content="max-age=0"></meta>
      <meta http-equiv="cache-control" content="no-cache"></meta>
      <meta http-equiv="cache-control" content="no-store"></meta>
      <LINK rel="stylesheet" href="style.css"></LINK>
      <script type="text/javascript" src="main.js"></script>
   </head>
   <body>
      <table width="100%" style="font-size: 16px; margin-bottom: 10px;" cellspacing="1">
         <tr>
            <td width="100%">
               Test case
               
               <b>AnnotationAssertionTest</b>
            </td>
            <td style="background-color: #FFBBBB; padding: 3px 3px 3px 0;" align="center">
               <div style="width: 50px;">1</div>
            </td>
            <td style="background-color: lightgreen; padding: 3px 3px 3px 0;" align="center">
               <div style="width: 50px;">0</div>
            </td>
            <td style="background-color: #FFFFBB; padding: 3px 3px 3px 0;" align="center">
               <div style="width: 50px;">4</div>
            </td>
            <td align="center" style="background-color: #eaf0f7; padding: 3px 3px 3px 0;">
               <div style="width: 50px;">5</div>
            </td>
            <td align="center"
                style="font-weight: bold; background-color: #eaf0f7; padding: 3px 3px 3px 0;">
               <div style="width: 50px;">0%</div>
            </td>
            <td style="background-color: #eaf0f7; padding: 3px 3px 3px 0;" align="center"
                nowrap="true">21 ms
               
            </td>
         </tr>
      </table>
      <div style="width: 200px;">
         <label for="groupMethodsCheckBox" style="font-weight: bold; margin: 0;">
            <input id="groupMethodsCheckBox" type="checkbox" onclick="switchTestMethodsView(this)"></input>
            Group by class
            
         </label>
         <br></br>
         <label for="methodsFilter_ALL" style="font-weight: bold; margin: 0;">
            <input id="methodsFilter_ALL" type="checkbox"
                   onclick="testMethodsFilterChanged(this, 'ALL')"></input>
            All
            
         </label>
      </div>
      <label for="methodsFilter_FAIL" style="margin-left: 20px;">
         <input id="methodsFilter_FAIL" type="checkbox"
                onclick="testMethodsFilterChanged(this, 'FAIL')"
                checked=""></input>
         Failed
         
      </label>
      <label for="methodsFilter_PASS">
         <input id="methodsFilter_PASS" type="checkbox"
                onclick="testMethodsFilterChanged(this, 'PASS')"
                checked=""></input>
         Passed
         
      </label>
      <label for="methodsFilter_SKIP">
         <input id="methodsFilter_SKIP" type="checkbox"
                onclick="testMethodsFilterChanged(this, 'SKIP')"
                checked=""></input>
         Skipped
         
      </label>
      <label for="methodsFilter_CONF">
         <input id="methodsFilter_CONF" type="checkbox"
                onclick="testMethodsFilterChanged(this, 'CONF')"></input>
         Config
         
      </label>
      <br></br>
      <div id="testMethodsByStatus">
         <table class="testMethodsTable" cellpadding="0" cellspacing="0">
            <tr class="methodsTableHeader">
               <td width="100%">Name</td>
               <td nowrap="true">Started</td>
               <td nowrap="true">Duration</td>
               <td>Exception</td>
            </tr>
            <tr id="testng.learning.AnnotationAssertionTest_assertTest_byStatus_failed_FAIL1_row"
                class="testMethodStatusFAIL">
               <td width="100%" class="firstMethodCell">
                  <a onclick="toggleDetailsVisibility('testng.learning.AnnotationAssertionTest_assertTest_byStatus_failed_FAIL1_details')">assertTest()</a>
               </td>
               <td nowrap="true">21:51:49</td>
               <td nowrap="true" align="right">6 ms
                  
               </td>
               <td nowrap="true">
                  <a onclick="toggleDetailsVisibility('testng.learning.AnnotationAssertionTest_assertTest_byStatus_failed_FAIL1_exception')">java.lang.AssertionError: 
                     The following asserts failed:
                     	expected [expected] but found [actual], 
                     	error message reported for failure	error message reported for failure
                     
                  </a>
                   
                  
               </td>
            </tr>
            <tr>
               <td colspan="4" class="detailsBox">
                  <div id="testng.learning.AnnotationAssertionTest_assertTest_byStatus_failed_FAIL1_details"
                       class="testMethodDetails">
                     <div>
                        <b>Name: </b>assertTest
                     </div>
                     <div>
                        <b>Signature: </b>assertTest()[pri:0, instance:testng.learning.AnnotationAssertionTest@3ab39c39]
                     </div>
                     <div>
                        <b>Start time: </b>21:51:49
                     </div>
                     <div>
                        <b>End time: </b>21:51:49
                     </div>
                     <div>
                        <b>Duration: </b>6 ms
                        
                     </div>
                  </div>
               </td>
            </tr>
            <tr>
               <td colspan="4" class="detailsBox">
                  <div id="testng.learning.AnnotationAssertionTest_assertTest_byStatus_failed_FAIL1_exception"
                       class="testMethodDetails">
                     <pre style="padding: 5px; margin: 0;">java.lang.AssertionError: The following asserts failed:
                        	expected [expected] but found [actual], 
                        	error message reported for failure	error message reported for failure
                        	at org.testng.asserts.SoftAssert.assertAll(SoftAssert.java:48)
                        	at testng.learning.AnnotationAssertionTest.assertTest(AnnotationAssertionTest.java:76)
                        	at sun.reflect.NativeMethodAccessorImpl.invoke0(Native Method)
                        	at sun.reflect.NativeMethodAccessorImpl.invoke(NativeMethodAccessorImpl.java:62)
                        	at sun.reflect.DelegatingMethodAccessorImpl.invoke(DelegatingMethodAccessorImpl.java:43)
                        	at java.lang.reflect.Method.invoke(Method.java:498)
                        	at org.testng.internal.MethodInvocationHelper.invokeMethod(MethodInvocationHelper.java:85)
                        	at org.testng.internal.Invoker.invokeMethod(Invoker.java:639)
                        	at org.testng.internal.Invoker.invokeTestMethod(Invoker.java:821)
                        	at org.testng.internal.Invoker.invokeTestMethods(Invoker.java:1131)
                        	at org.testng.internal.TestMethodWorker.invokeTestMethods(TestMethodWorker.java:124)
                        	at org.testng.internal.TestMethodWorker.run(TestMethodWorker.java:108)
                        	at org.testng.TestRunner.privateRun(TestRunner.java:773)
                        	at org.testng.TestRunner.run(TestRunner.java:623)
                        	at org.testng.SuiteRunner.runTest(SuiteRunner.java:357)
                        	at org.testng.SuiteRunner.runSequentially(SuiteRunner.java:352)
                        	at org.testng.SuiteRunner.privateRun(SuiteRunner.java:310)
                        	at org.testng.SuiteRunner.run(SuiteRunner.java:259)
                        	at org.testng.SuiteRunnerWorker.runSuite(SuiteRunnerWorker.java:52)
                        	at org.testng.SuiteRunnerWorker.run(SuiteRunnerWorker.java:86)
                        	at org.testng.TestNG.runSuitesSequentially(TestNG.java:1185)
                        	at org.testng.TestNG.runSuitesLocally(TestNG.java:1110)
                        	at org.testng.TestNG.run(TestNG.java:1018)
                        	at org.testng.TestNG.privateMain(TestNG.java:1325)
                        	at org.testng.TestNG.main(TestNG.java:1294)
                     </pre>
                  </div>
               </td>
            </tr>
            <tr id="testng.learning.AnnotationAssertionTest_beforeTest_byStatus_passed_PASS1_row"
                class="testMethodStatusPASS testMethodStatusCONF">
               <td width="100%" class="firstMethodCell">
                  <a onclick="toggleDetailsVisibility('testng.learning.AnnotationAssertionTest_beforeTest_byStatus_passed_PASS1_details')">beforeTest()</a>
               </td>
               <td nowrap="true">21:51:49</td>
               <td nowrap="true" align="right">0 ms
                  
               </td>
               <td nowrap="true">
                   
                  
               </td>
            </tr>
            <tr>
               <td colspan="4" class="detailsBox">
                  <div id="testng.learning.AnnotationAssertionTest_beforeTest_byStatus_passed_PASS1_details"
                       class="testMethodDetails">
                     <div>
                        <b>Name: </b>beforeTest
                     </div>
                     <div>
                        <b>Signature: </b>beforeTest()[pri:0, instance:testng.learning.AnnotationAssertionTest@3ab39c39]
                     </div>
                     <div>
                        <b>Start time: </b>21:51:49
                     </div>
                     <div>
                        <b>End time: </b>21:51:49
                     </div>
                     <div>
                        <b>Duration: </b>0 ms
                        
                     </div>
                  </div>
               </td>
            </tr>
            <tr></tr>
            <tr id="testng.learning.AnnotationAssertionTest_beforeMethodTest_byStatus_passed_PASS2_row"
                class="testMethodStatusPASS testMethodStatusCONF">
               <td width="100%" class="firstMethodCell">
                  <a onclick="toggleDetailsVisibility('testng.learning.AnnotationAssertionTest_beforeMethodTest_byStatus_passed_PASS2_details')">beforeMethodTest()</a>
               </td>
               <td nowrap="true">21:51:49</td>
               <td nowrap="true" align="right">0 ms
                  
               </td>
               <td nowrap="true">
                   
                  
               </td>
            </tr>
            <tr>
               <td colspan="4" class="detailsBox">
                  <div id="testng.learning.AnnotationAssertionTest_beforeMethodTest_byStatus_passed_PASS2_details"
                       class="testMethodDetails">
                     <div>
                        <b>Name: </b>beforeMethodTest
                     </div>
                     <div>
                        <b>Signature: </b>beforeMethodTest()[pri:0, instance:testng.learning.AnnotationAssertionTest@3ab39c39]
                     </div>
                     <div>
                        <b>Start time: </b>21:51:49
                     </div>
                     <div>
                        <b>End time: </b>21:51:49
                     </div>
                     <div>
                        <b>Duration: </b>0 ms
                        
                     </div>
                  </div>
               </td>
            </tr>
            <tr></tr>
            <tr id="testng.learning.AnnotationAssertionTest_afterMethodTest_byStatus_passed_PASS3_row"
                class="testMethodStatusPASS testMethodStatusCONF">
               <td width="100%" class="firstMethodCell">
                  <a onclick="toggleDetailsVisibility('testng.learning.AnnotationAssertionTest_afterMethodTest_byStatus_passed_PASS3_details')">afterMethodTest()</a>
               </td>
               <td nowrap="true">21:51:49</td>
               <td nowrap="true" align="right">0 ms
                  
               </td>
               <td nowrap="true">
                   
                  
               </td>
            </tr>
            <tr>
               <td colspan="4" class="detailsBox">
                  <div id="testng.learning.AnnotationAssertionTest_afterMethodTest_byStatus_passed_PASS3_details"
                       class="testMethodDetails">
                     <div>
                        <b>Name: </b>afterMethodTest
                     </div>
                     <div>
                        <b>Signature: </b>afterMethodTest()[pri:0, instance:testng.learning.AnnotationAssertionTest@3ab39c39]
                     </div>
                     <div>
                        <b>Start time: </b>21:51:49
                     </div>
                     <div>
                        <b>End time: </b>21:51:49
                     </div>
                     <div>
                        <b>Duration: </b>0 ms
                        
                     </div>
                  </div>
               </td>
            </tr>
            <tr></tr>
            <tr id="testng.learning.AnnotationAssertionTest_beforeMethodTest_byStatus_passed_PASS4_row"
                class="testMethodStatusPASS testMethodStatusCONF">
               <td width="100%" class="firstMethodCell">
                  <a onclick="toggleDetailsVisibility('testng.learning.AnnotationAssertionTest_beforeMethodTest_byStatus_passed_PASS4_details')">beforeMethodTest()</a>
               </td>
               <td nowrap="true">21:51:49</td>
               <td nowrap="true" align="right">0 ms
                  
               </td>
               <td nowrap="true">
                   
                  
               </td>
            </tr>
            <tr>
               <td colspan="4" class="detailsBox">
                  <div id="testng.learning.AnnotationAssertionTest_beforeMethodTest_byStatus_passed_PASS4_details"
                       class="testMethodDetails">
                     <div>
                        <b>Name: </b>beforeMethodTest
                     </div>
                     <div>
                        <b>Signature: </b>beforeMethodTest()[pri:0, instance:testng.learning.AnnotationAssertionTest@3ab39c39]
                     </div>
                     <div>
                        <b>Start time: </b>21:51:49
                     </div>
                     <div>
                        <b>End time: </b>21:51:49
                     </div>
                     <div>
                        <b>Duration: </b>0 ms
                        
                     </div>
                  </div>
               </td>
            </tr>
            <tr></tr>
            <tr id="testng.learning.AnnotationAssertionTest_afterMethodTest_byStatus_passed_PASS5_row"
                class="testMethodStatusPASS testMethodStatusCONF">
               <td width="100%" class="firstMethodCell">
                  <a onclick="toggleDetailsVisibility('testng.learning.AnnotationAssertionTest_afterMethodTest_byStatus_passed_PASS5_details')">afterMethodTest()</a>
               </td>
               <td nowrap="true">21:51:49</td>
               <td nowrap="true" align="right">0 ms
                  
               </td>
               <td nowrap="true">
                   
                  
               </td>
            </tr>
            <tr>
               <td colspan="4" class="detailsBox">
                  <div id="testng.learning.AnnotationAssertionTest_afterMethodTest_byStatus_passed_PASS5_details"
                       class="testMethodDetails">
                     <div>
                        <b>Name: </b>afterMethodTest
                     </div>
                     <div>
                        <b>Signature: </b>afterMethodTest()[pri:0, instance:testng.learning.AnnotationAssertionTest@3ab39c39]
                     </div>
                     <div>
                        <b>Start time: </b>21:51:49
                     </div>
                     <div>
                        <b>End time: </b>21:51:49
                     </div>
                     <div>
                        <b>Duration: </b>0 ms
                        
                     </div>
                  </div>
               </td>
            </tr>
            <tr></tr>
            <tr id="testng.learning.AnnotationAssertionTest_beforeMethodTest_byStatus_passed_PASS6_row"
                class="testMethodStatusPASS testMethodStatusCONF">
               <td width="100%" class="firstMethodCell">
                  <a onclick="toggleDetailsVisibility('testng.learning.AnnotationAssertionTest_beforeMethodTest_byStatus_passed_PASS6_details')">beforeMethodTest()</a>
               </td>
               <td nowrap="true">21:51:49</td>
               <td nowrap="true" align="right">0 ms
                  
               </td>
               <td nowrap="true">
                   
                  
               </td>
            </tr>
            <tr>
               <td colspan="4" class="detailsBox">
                  <div id="testng.learning.AnnotationAssertionTest_beforeMethodTest_byStatus_passed_PASS6_details"
                       class="testMethodDetails">
                     <div>
                        <b>Name: </b>beforeMethodTest
                     </div>
                     <div>
                        <b>Signature: </b>beforeMethodTest()[pri:0, instance:testng.learning.AnnotationAssertionTest@3ab39c39]
                     </div>
                     <div>
                        <b>Start time: </b>21:51:49
                     </div>
                     <div>
                        <b>End time: </b>21:51:49
                     </div>
                     <div>
                        <b>Duration: </b>0 ms
                        
                     </div>
                  </div>
               </td>
            </tr>
            <tr></tr>
            <tr id="testng.learning.AnnotationAssertionTest_afterMethodTest_byStatus_passed_PASS7_row"
                class="testMethodStatusPASS testMethodStatusCONF">
               <td width="100%" class="firstMethodCell">
                  <a onclick="toggleDetailsVisibility('testng.learning.AnnotationAssertionTest_afterMethodTest_byStatus_passed_PASS7_details')">afterMethodTest()</a>
               </td>
               <td nowrap="true">21:51:49</td>
               <td nowrap="true" align="right">0 ms
                  
               </td>
               <td nowrap="true">
                   
                  
               </td>
            </tr>
            <tr>
               <td colspan="4" class="detailsBox">
                  <div id="testng.learning.AnnotationAssertionTest_afterMethodTest_byStatus_passed_PASS7_details"
                       class="testMethodDetails">
                     <div>
                        <b>Name: </b>afterMethodTest
                     </div>
                     <div>
                        <b>Signature: </b>afterMethodTest()[pri:0, instance:testng.learning.AnnotationAssertionTest@3ab39c39]
                     </div>
                     <div>
                        <b>Start time: </b>21:51:49
                     </div>
                     <div>
                        <b>End time: </b>21:51:49
                     </div>
                     <div>
                        <b>Duration: </b>0 ms
                        
                     </div>
                  </div>
               </td>
            </tr>
            <tr></tr>
            <tr id="testng.learning.AnnotationAssertionTest_afterTest_byStatus_passed_PASS8_row"
                class="testMethodStatusPASS testMethodStatusCONF">
               <td width="100%" class="firstMethodCell">
                  <a onclick="toggleDetailsVisibility('testng.learning.AnnotationAssertionTest_afterTest_byStatus_passed_PASS8_details')">afterTest()</a>
               </td>
               <td nowrap="true">21:51:49</td>
               <td nowrap="true" align="right">0 ms
                  
               </td>
               <td nowrap="true">
                   
                  
               </td>
            </tr>
            <tr>
               <td colspan="4" class="detailsBox">
                  <div id="testng.learning.AnnotationAssertionTest_afterTest_byStatus_passed_PASS8_details"
                       class="testMethodDetails">
                     <div>
                        <b>Name: </b>afterTest
                     </div>
                     <div>
                        <b>Signature: </b>afterTest()[pri:0, instance:testng.learning.AnnotationAssertionTest@3ab39c39]
                     </div>
                     <div>
                        <b>Start time: </b>21:51:49
                     </div>
                     <div>
                        <b>End time: </b>21:51:49
                     </div>
                     <div>
                        <b>Duration: </b>0 ms
                        
                     </div>
                  </div>
               </td>
            </tr>
            <tr></tr>
            <tr id="testng.learning.AnnotationAssertionTest_doLoginTest_byStatus_skiped_SKIP1_row"
                class="testMethodStatusSKIP">
               <td width="100%" class="firstMethodCell">
                  <a onclick="toggleDetailsVisibility('testng.learning.AnnotationAssertionTest_doLoginTest_byStatus_skiped_SKIP1_details')">doLoginTest()</a>
               </td>
               <td nowrap="true">21:51:49</td>
               <td nowrap="true" align="right">1 ms
                  
               </td>
               <td nowrap="true">
                  <a onclick="toggleDetailsVisibility('testng.learning.AnnotationAssertionTest_doLoginTest_byStatus_skiped_SKIP1_exception')">org.testng.SkipException: 
                     Do Not excute
                     
                  </a>
                   
                  
               </td>
            </tr>
            <tr>
               <td colspan="4" class="detailsBox">
                  <div id="testng.learning.AnnotationAssertionTest_doLoginTest_byStatus_skiped_SKIP1_details"
                       class="testMethodDetails">
                     <div>
                        <b>Name: </b>doLoginTest
                     </div>
                     <div>
                        <b>Signature: </b>doLoginTest()[pri:0, instance:testng.learning.AnnotationAssertionTest@3ab39c39]
                     </div>
                     <div>
                        <b>Start time: </b>21:51:49
                     </div>
                     <div>
                        <b>End time: </b>21:51:49
                     </div>
                     <div>
                        <b>Duration: </b>1 ms
                        
                     </div>
                  </div>
               </td>
            </tr>
            <tr>
               <td colspan="4" class="detailsBox">
                  <div id="testng.learning.AnnotationAssertionTest_doLoginTest_byStatus_skiped_SKIP1_exception"
                       class="testMethodDetails">
                     <pre style="padding: 5px; margin: 0;">org.testng.SkipException: Do Not excute
                        	at testng.learning.AnnotationAssertionTest.doLoginTest(AnnotationAssertionTest.java:48)
                        	at sun.reflect.NativeMethodAccessorImpl.invoke0(Native Method)
                        	at sun.reflect.NativeMethodAccessorImpl.invoke(NativeMethodAccessorImpl.java:62)
                        	at sun.reflect.DelegatingMethodAccessorImpl.invoke(DelegatingMethodAccessorImpl.java:43)
                        	at java.lang.reflect.Method.invoke(Method.java:498)
                        	at org.testng.internal.MethodInvocationHelper.invokeMethod(MethodInvocationHelper.java:85)
                        	at org.testng.internal.Invoker.invokeMethod(Invoker.java:639)
                        	at org.testng.internal.Invoker.invokeTestMethod(Invoker.java:821)
                        	at org.testng.internal.Invoker.invokeTestMethods(Invoker.java:1131)
                        	at org.testng.internal.TestMethodWorker.invokeTestMethods(TestMethodWorker.java:124)
                        	at org.testng.internal.TestMethodWorker.run(TestMethodWorker.java:108)
                        	at org.testng.TestRunner.privateRun(TestRunner.java:773)
                        	at org.testng.TestRunner.run(TestRunner.java:623)
                        	at org.testng.SuiteRunner.runTest(SuiteRunner.java:357)
                        	at org.testng.SuiteRunner.runSequentially(SuiteRunner.java:352)
                        	at org.testng.SuiteRunner.privateRun(SuiteRunner.java:310)
                        	at org.testng.SuiteRunner.run(SuiteRunner.java:259)
                        	at org.testng.SuiteRunnerWorker.runSuite(SuiteRunnerWorker.java:52)
                        	at org.testng.SuiteRunnerWorker.run(SuiteRunnerWorker.java:86)
                        	at org.testng.TestNG.runSuitesSequentially(TestNG.java:1185)
                        	at org.testng.TestNG.runSuitesLocally(TestNG.java:1110)
                        	at org.testng.TestNG.run(TestNG.java:1018)
                        	at org.testng.TestNG.privateMain(TestNG.java:1325)
                        	at org.testng.TestNG.main(TestNG.java:1294)
                     </pre>
                  </div>
               </td>
            </tr>
            <tr id="testng.learning.AnnotationAssertionTest_skipTest_byStatus_skiped_SKIP2_row"
                class="testMethodStatusSKIP">
               <td width="100%" class="firstMethodCell">
                  <a onclick="toggleDetailsVisibility('testng.learning.AnnotationAssertionTest_skipTest_byStatus_skiped_SKIP2_details')">skipTest()</a>
               </td>
               <td nowrap="true">21:51:49</td>
               <td nowrap="true" align="right">0 ms
                  
               </td>
               <td nowrap="true">
                  <a onclick="toggleDetailsVisibility('testng.learning.AnnotationAssertionTest_skipTest_byStatus_skiped_SKIP2_exception')">org.testng.SkipException: 
                     THIS test cases is skipped
                     
                  </a>
                   
                  
               </td>
            </tr>
            <tr>
               <td colspan="4" class="detailsBox">
                  <div id="testng.learning.AnnotationAssertionTest_skipTest_byStatus_skiped_SKIP2_details"
                       class="testMethodDetails">
                     <div>
                        <b>Name: </b>skipTest
                     </div>
                     <div>
                        <b>Signature: </b>skipTest()[pri:0, instance:testng.learning.AnnotationAssertionTest@3ab39c39]
                     </div>
                     <div>
                        <b>Start time: </b>21:51:49
                     </div>
                     <div>
                        <b>End time: </b>21:51:49
                     </div>
                     <div>
                        <b>Duration: </b>0 ms
                        
                     </div>
                  </div>
               </td>
            </tr>
            <tr>
               <td colspan="4" class="detailsBox">
                  <div id="testng.learning.AnnotationAssertionTest_skipTest_byStatus_skiped_SKIP2_exception"
                       class="testMethodDetails">
                     <pre style="padding: 5px; margin: 0;">org.testng.SkipException: THIS test cases is skipped
                        	at testng.learning.AnnotationAssertionTest.skipTest(AnnotationAssertionTest.java:64)
                        	at sun.reflect.NativeMethodAccessorImpl.invoke0(Native Method)
                        	at sun.reflect.NativeMethodAccessorImpl.invoke(NativeMethodAccessorImpl.java:62)
                        	at sun.reflect.DelegatingMethodAccessorImpl.invoke(DelegatingMethodAccessorImpl.java:43)
                        	at java.lang.reflect.Method.invoke(Method.java:498)
                        	at org.testng.internal.MethodInvocationHelper.invokeMethod(MethodInvocationHelper.java:85)
                        	at org.testng.internal.Invoker.invokeMethod(Invoker.java:639)
                        	at org.testng.internal.Invoker.invokeTestMethod(Invoker.java:821)
                        	at org.testng.internal.Invoker.invokeTestMethods(Invoker.java:1131)
                        	at org.testng.internal.TestMethodWorker.invokeTestMethods(TestMethodWorker.java:124)
                        	at org.testng.internal.TestMethodWorker.run(TestMethodWorker.java:108)
                        	at org.testng.TestRunner.privateRun(TestRunner.java:773)
                        	at org.testng.TestRunner.run(TestRunner.java:623)
                        	at org.testng.SuiteRunner.runTest(SuiteRunner.java:357)
                        	at org.testng.SuiteRunner.runSequentially(SuiteRunner.java:352)
                        	at org.testng.SuiteRunner.privateRun(SuiteRunner.java:310)
                        	at org.testng.SuiteRunner.run(SuiteRunner.java:259)
                        	at org.testng.SuiteRunnerWorker.runSuite(SuiteRunnerWorker.java:52)
                        	at org.testng.SuiteRunnerWorker.run(SuiteRunnerWorker.java:86)
                        	at org.testng.TestNG.runSuitesSequentially(TestNG.java:1185)
                        	at org.testng.TestNG.runSuitesLocally(TestNG.java:1110)
                        	at org.testng.TestNG.run(TestNG.java:1018)
                        	at org.testng.TestNG.privateMain(TestNG.java:1325)
                        	at org.testng.TestNG.main(TestNG.java:1294)
                     </pre>
                  </div>
               </td>
            </tr>
            <tr id="testng.learning.AnnotationAssertionTest_changePasswordTest_byStatus_skiped_SKIP3_row"
                class="testMethodStatusSKIP">
               <td width="100%" class="firstMethodCell">
                  <a onclick="toggleDetailsVisibility('testng.learning.AnnotationAssertionTest_changePasswordTest_byStatus_skiped_SKIP3_details')">changePasswordTest()</a>
               </td>
               <td nowrap="true">21:51:49</td>
               <td nowrap="true" align="right">0 ms
                  
               </td>
               <td nowrap="true">
                  <a onclick="toggleDetailsVisibility('testng.learning.AnnotationAssertionTest_changePasswordTest_byStatus_skiped_SKIP3_exception')">java.lang.Throwable: 
                     Method AnnotationAssertionTest.changePasswordTest()[pri:0, instance:testng.learning.AnnotationAssertionTest@3ab39c39] depends
                     on not successfully finished methods
                     
                  </a>
                   
                  
               </td>
            </tr>
            <tr>
               <td colspan="4" class="detailsBox">
                  <div id="testng.learning.AnnotationAssertionTest_changePasswordTest_byStatus_skiped_SKIP3_details"
                       class="testMethodDetails">
                     <div>
                        <b>Name: </b>changePasswordTest
                     </div>
                     <div>
                        <b>Signature: </b>changePasswordTest()[pri:0, instance:testng.learning.AnnotationAssertionTest@3ab39c39]
                     </div>
                     <div>
                        <b>Start time: </b>21:51:49
                     </div>
                     <div>
                        <b>End time: </b>21:51:49
                     </div>
                     <div>
                        <b>Duration: </b>0 ms
                        
                     </div>
                     <div>
                        <b>Depends on methods:
                           
                        </b>
                        <div>
                               -
                           testng.learning.AnnotationAssertionTest.doLoginTest
                        </div>
                     </div>
                  </div>
               </td>
            </tr>
            <tr>
               <td colspan="4" class="detailsBox">
                  <div id="testng.learning.AnnotationAssertionTest_changePasswordTest_byStatus_skiped_SKIP3_exception"
                       class="testMethodDetails">
                     <pre style="padding: 5px; margin: 0;">java.lang.Throwable: Method AnnotationAssertionTest.changePasswordTest()[pri:0, instance:testng.learning.AnnotationAssertionTest@3ab39c39]
                        depends on not successfully finished methods
                        	at org.testng.internal.Invoker.invokeTestMethods(Invoker.java:1040)
                        	at org.testng.internal.TestMethodWorker.invokeTestMethods(TestMethodWorker.java:124)
                        	at org.testng.internal.TestMethodWorker.run(TestMethodWorker.java:108)
                        	at org.testng.TestRunner.privateRun(TestRunner.java:773)
                        	at org.testng.TestRunner.run(TestRunner.java:623)
                        	at org.testng.SuiteRunner.runTest(SuiteRunner.java:357)
                        	at org.testng.SuiteRunner.runSequentially(SuiteRunner.java:352)
                        	at org.testng.SuiteRunner.privateRun(SuiteRunner.java:310)
                        	at org.testng.SuiteRunner.run(SuiteRunner.java:259)
                        	at org.testng.SuiteRunnerWorker.runSuite(SuiteRunnerWorker.java:52)
                        	at org.testng.SuiteRunnerWorker.run(SuiteRunnerWorker.java:86)
                        	at org.testng.TestNG.runSuitesSequentially(TestNG.java:1185)
                        	at org.testng.TestNG.runSuitesLocally(TestNG.java:1110)
                        	at org.testng.TestNG.run(TestNG.java:1018)
                        	at org.testng.TestNG.privateMain(TestNG.java:1325)
                        	at org.testng.TestNG.main(TestNG.java:1294)
                     </pre>
                  </div>
               </td>
            </tr>
            <tr id="testng.learning.AnnotationAssertionTest_logoutTest_byStatus_skiped_SKIP4_row"
                class="testMethodStatusSKIP">
               <td width="100%" class="firstMethodCell">
                  <a onclick="toggleDetailsVisibility('testng.learning.AnnotationAssertionTest_logoutTest_byStatus_skiped_SKIP4_details')">logoutTest()</a>
               </td>
               <td nowrap="true">21:51:49</td>
               <td nowrap="true" align="right">0 ms
                  
               </td>
               <td nowrap="true">
                  <a onclick="toggleDetailsVisibility('testng.learning.AnnotationAssertionTest_logoutTest_byStatus_skiped_SKIP4_exception')">java.lang.Throwable: 
                     Method AnnotationAssertionTest.logoutTest()[pri:0, instance:testng.learning.AnnotationAssertionTest@3ab39c39] depends on not
                     successfully finished methods
                     
                  </a>
                   
                  
               </td>
            </tr>
            <tr>
               <td colspan="4" class="detailsBox">
                  <div id="testng.learning.AnnotationAssertionTest_logoutTest_byStatus_skiped_SKIP4_details"
                       class="testMethodDetails">
                     <div>
                        <b>Name: </b>logoutTest
                     </div>
                     <div>
                        <b>Signature: </b>logoutTest()[pri:0, instance:testng.learning.AnnotationAssertionTest@3ab39c39]
                     </div>
                     <div>
                        <b>Start time: </b>21:51:49
                     </div>
                     <div>
                        <b>End time: </b>21:51:49
                     </div>
                     <div>
                        <b>Duration: </b>0 ms
                        
                     </div>
                     <div>
                        <b>Depends on methods:
                           
                        </b>
                        <div>
                               -
                           testng.learning.AnnotationAssertionTest.doLoginTest
                        </div>
                     </div>
                  </div>
               </td>
            </tr>
            <tr>
               <td colspan="4" class="detailsBox">
                  <div id="testng.learning.AnnotationAssertionTest_logoutTest_byStatus_skiped_SKIP4_exception"
                       class="testMethodDetails">
                     <pre style="padding: 5px; margin: 0;">java.lang.Throwable: Method AnnotationAssertionTest.logoutTest()[pri:0, instance:testng.learning.AnnotationAssertionTest@3ab39c39]
                        depends on not successfully finished methods
                        	at org.testng.internal.Invoker.invokeTestMethods(Invoker.java:1040)
                        	at org.testng.internal.TestMethodWorker.invokeTestMethods(TestMethodWorker.java:124)
                        	at org.testng.internal.TestMethodWorker.run(TestMethodWorker.java:108)
                        	at org.testng.TestRunner.privateRun(TestRunner.java:773)
                        	at org.testng.TestRunner.run(TestRunner.java:623)
                        	at org.testng.SuiteRunner.runTest(SuiteRunner.java:357)
                        	at org.testng.SuiteRunner.runSequentially(SuiteRunner.java:352)
                        	at org.testng.SuiteRunner.privateRun(SuiteRunner.java:310)
                        	at org.testng.SuiteRunner.run(SuiteRunner.java:259)
                        	at org.testng.SuiteRunnerWorker.runSuite(SuiteRunnerWorker.java:52)
                        	at org.testng.SuiteRunnerWorker.run(SuiteRunnerWorker.java:86)
                        	at org.testng.TestNG.runSuitesSequentially(TestNG.java:1185)
                        	at org.testng.TestNG.runSuitesLocally(TestNG.java:1110)
                        	at org.testng.TestNG.run(TestNG.java:1018)
                        	at org.testng.TestNG.privateMain(TestNG.java:1325)
                        	at org.testng.TestNG.main(TestNG.java:1294)
                     </pre>
                  </div>
               </td>
            </tr>
         </table>
      </div>
      <div id="testMethodsByClass" style="display: none;">
         <table class="testMethodsTable" cellpadding="0" cellspacing="0">
            <tr>
               <td colspan="4">
                  <h3 style="display: inline;">testng.learning.AnnotationAssertionTest</h3>
               </td>
            </tr>
            <tr class="methodsTableHeader">
               <td width="100%">Name</td>
               <td nowrap="true">Started</td>
               <td nowrap="true">Duration</td>
               <td>Exception</td>
            </tr>
            <tr id="testng.learning.AnnotationAssertionTest_beforeTest_byClass_PASS1_row"
                class="testMethodStatusPASS testMethodStatusCONF">
               <td width="100%" class="firstMethodCell">
                  <a onclick="toggleDetailsVisibility('testng.learning.AnnotationAssertionTest_beforeTest_byClass_PASS1_details')">beforeTest()</a>
               </td>
               <td nowrap="true">21:51:49</td>
               <td nowrap="true" align="right">0 ms
                  
               </td>
               <td nowrap="true">
                   
                  
               </td>
            </tr>
            <tr>
               <td colspan="4" class="detailsBox">
                  <div id="testng.learning.AnnotationAssertionTest_beforeTest_byClass_PASS1_details"
                       class="testMethodDetails">
                     <div>
                        <b>Name: </b>beforeTest
                     </div>
                     <div>
                        <b>Signature: </b>beforeTest()[pri:0, instance:testng.learning.AnnotationAssertionTest@3ab39c39]
                     </div>
                     <div>
                        <b>Start time: </b>21:51:49
                     </div>
                     <div>
                        <b>End time: </b>21:51:49
                     </div>
                     <div>
                        <b>Duration: </b>0 ms
                        
                     </div>
                  </div>
               </td>
            </tr>
            <tr></tr>
            <tr id="testng.learning.AnnotationAssertionTest_beforeMethodTest_byClass_PASS2_row"
                class="testMethodStatusPASS testMethodStatusCONF">
               <td width="100%" class="firstMethodCell">
                  <a onclick="toggleDetailsVisibility('testng.learning.AnnotationAssertionTest_beforeMethodTest_byClass_PASS2_details')">beforeMethodTest()</a>
               </td>
               <td nowrap="true">21:51:49</td>
               <td nowrap="true" align="right">0 ms
                  
               </td>
               <td nowrap="true">
                   
                  
               </td>
            </tr>
            <tr>
               <td colspan="4" class="detailsBox">
                  <div id="testng.learning.AnnotationAssertionTest_beforeMethodTest_byClass_PASS2_details"
                       class="testMethodDetails">
                     <div>
                        <b>Name: </b>beforeMethodTest
                     </div>
                     <div>
                        <b>Signature: </b>beforeMethodTest()[pri:0, instance:testng.learning.AnnotationAssertionTest@3ab39c39]
                     </div>
                     <div>
                        <b>Start time: </b>21:51:49
                     </div>
                     <div>
                        <b>End time: </b>21:51:49
                     </div>
                     <div>
                        <b>Duration: </b>0 ms
                        
                     </div>
                  </div>
               </td>
            </tr>
            <tr></tr>
            <tr id="testng.learning.AnnotationAssertionTest_doLoginTest_byClass_SKIP3_row"
                class="testMethodStatusSKIP">
               <td width="100%" class="firstMethodCell">
                  <a onclick="toggleDetailsVisibility('testng.learning.AnnotationAssertionTest_doLoginTest_byClass_SKIP3_details')">doLoginTest()</a>
               </td>
               <td nowrap="true">21:51:49</td>
               <td nowrap="true" align="right">1 ms
                  
               </td>
               <td nowrap="true">
                  <a onclick="toggleDetailsVisibility('testng.learning.AnnotationAssertionTest_doLoginTest_byClass_SKIP3_exception')">org.testng.SkipException: 
                     Do Not excute
                     
                  </a>
                   
                  
               </td>
            </tr>
            <tr>
               <td colspan="4" class="detailsBox">
                  <div id="testng.learning.AnnotationAssertionTest_doLoginTest_byClass_SKIP3_details"
                       class="testMethodDetails">
                     <div>
                        <b>Name: </b>doLoginTest
                     </div>
                     <div>
                        <b>Signature: </b>doLoginTest()[pri:0, instance:testng.learning.AnnotationAssertionTest@3ab39c39]
                     </div>
                     <div>
                        <b>Start time: </b>21:51:49
                     </div>
                     <div>
                        <b>End time: </b>21:51:49
                     </div>
                     <div>
                        <b>Duration: </b>1 ms
                        
                     </div>
                  </div>
               </td>
            </tr>
            <tr>
               <td colspan="4" class="detailsBox">
                  <div id="testng.learning.AnnotationAssertionTest_doLoginTest_byClass_SKIP3_exception"
                       class="testMethodDetails">
                     <pre style="padding: 5px; margin: 0;">org.testng.SkipException: Do Not excute
                        	at testng.learning.AnnotationAssertionTest.doLoginTest(AnnotationAssertionTest.java:48)
                        	at sun.reflect.NativeMethodAccessorImpl.invoke0(Native Method)
                        	at sun.reflect.NativeMethodAccessorImpl.invoke(NativeMethodAccessorImpl.java:62)
                        	at sun.reflect.DelegatingMethodAccessorImpl.invoke(DelegatingMethodAccessorImpl.java:43)
                        	at java.lang.reflect.Method.invoke(Method.java:498)
                        	at org.testng.internal.MethodInvocationHelper.invokeMethod(MethodInvocationHelper.java:85)
                        	at org.testng.internal.Invoker.invokeMethod(Invoker.java:639)
                        	at org.testng.internal.Invoker.invokeTestMethod(Invoker.java:821)
                        	at org.testng.internal.Invoker.invokeTestMethods(Invoker.java:1131)
                        	at org.testng.internal.TestMethodWorker.invokeTestMethods(TestMethodWorker.java:124)
                        	at org.testng.internal.TestMethodWorker.run(TestMethodWorker.java:108)
                        	at org.testng.TestRunner.privateRun(TestRunner.java:773)
                        	at org.testng.TestRunner.run(TestRunner.java:623)
                        	at org.testng.SuiteRunner.runTest(SuiteRunner.java:357)
                        	at org.testng.SuiteRunner.runSequentially(SuiteRunner.java:352)
                        	at org.testng.SuiteRunner.privateRun(SuiteRunner.java:310)
                        	at org.testng.SuiteRunner.run(SuiteRunner.java:259)
                        	at org.testng.SuiteRunnerWorker.runSuite(SuiteRunnerWorker.java:52)
                        	at org.testng.SuiteRunnerWorker.run(SuiteRunnerWorker.java:86)
                        	at org.testng.TestNG.runSuitesSequentially(TestNG.java:1185)
                        	at org.testng.TestNG.runSuitesLocally(TestNG.java:1110)
                        	at org.testng.TestNG.run(TestNG.java:1018)
                        	at org.testng.TestNG.privateMain(TestNG.java:1325)
                        	at org.testng.TestNG.main(TestNG.java:1294)
                     </pre>
                  </div>
               </td>
            </tr>
            <tr id="testng.learning.AnnotationAssertionTest_afterMethodTest_byClass_PASS4_row"
                class="testMethodStatusPASS testMethodStatusCONF">
               <td width="100%" class="firstMethodCell">
                  <a onclick="toggleDetailsVisibility('testng.learning.AnnotationAssertionTest_afterMethodTest_byClass_PASS4_details')">afterMethodTest()</a>
               </td>
               <td nowrap="true">21:51:49</td>
               <td nowrap="true" align="right">0 ms
                  
               </td>
               <td nowrap="true">
                   
                  
               </td>
            </tr>
            <tr>
               <td colspan="4" class="detailsBox">
                  <div id="testng.learning.AnnotationAssertionTest_afterMethodTest_byClass_PASS4_details"
                       class="testMethodDetails">
                     <div>
                        <b>Name: </b>afterMethodTest
                     </div>
                     <div>
                        <b>Signature: </b>afterMethodTest()[pri:0, instance:testng.learning.AnnotationAssertionTest@3ab39c39]
                     </div>
                     <div>
                        <b>Start time: </b>21:51:49
                     </div>
                     <div>
                        <b>End time: </b>21:51:49
                     </div>
                     <div>
                        <b>Duration: </b>0 ms
                        
                     </div>
                  </div>
               </td>
            </tr>
            <tr></tr>
            <tr id="testng.learning.AnnotationAssertionTest_beforeMethodTest_byClass_PASS5_row"
                class="testMethodStatusPASS testMethodStatusCONF">
               <td width="100%" class="firstMethodCell">
                  <a onclick="toggleDetailsVisibility('testng.learning.AnnotationAssertionTest_beforeMethodTest_byClass_PASS5_details')">beforeMethodTest()</a>
               </td>
               <td nowrap="true">21:51:49</td>
               <td nowrap="true" align="right">0 ms
                  
               </td>
               <td nowrap="true">
                   
                  
               </td>
            </tr>
            <tr>
               <td colspan="4" class="detailsBox">
                  <div id="testng.learning.AnnotationAssertionTest_beforeMethodTest_byClass_PASS5_details"
                       class="testMethodDetails">
                     <div>
                        <b>Name: </b>beforeMethodTest
                     </div>
                     <div>
                        <b>Signature: </b>beforeMethodTest()[pri:0, instance:testng.learning.AnnotationAssertionTest@3ab39c39]
                     </div>
                     <div>
                        <b>Start time: </b>21:51:49
                     </div>
                     <div>
                        <b>End time: </b>21:51:49
                     </div>
                     <div>
                        <b>Duration: </b>0 ms
                        
                     </div>
                  </div>
               </td>
            </tr>
            <tr></tr>
            <tr id="testng.learning.AnnotationAssertionTest_skipTest_byClass_SKIP6_row"
                class="testMethodStatusSKIP">
               <td width="100%" class="firstMethodCell">
                  <a onclick="toggleDetailsVisibility('testng.learning.AnnotationAssertionTest_skipTest_byClass_SKIP6_details')">skipTest()</a>
               </td>
               <td nowrap="true">21:51:49</td>
               <td nowrap="true" align="right">0 ms
                  
               </td>
               <td nowrap="true">
                  <a onclick="toggleDetailsVisibility('testng.learning.AnnotationAssertionTest_skipTest_byClass_SKIP6_exception')">org.testng.SkipException: 
                     THIS test cases is skipped
                     
                  </a>
                   
                  
               </td>
            </tr>
            <tr>
               <td colspan="4" class="detailsBox">
                  <div id="testng.learning.AnnotationAssertionTest_skipTest_byClass_SKIP6_details"
                       class="testMethodDetails">
                     <div>
                        <b>Name: </b>skipTest
                     </div>
                     <div>
                        <b>Signature: </b>skipTest()[pri:0, instance:testng.learning.AnnotationAssertionTest@3ab39c39]
                     </div>
                     <div>
                        <b>Start time: </b>21:51:49
                     </div>
                     <div>
                        <b>End time: </b>21:51:49
                     </div>
                     <div>
                        <b>Duration: </b>0 ms
                        
                     </div>
                  </div>
               </td>
            </tr>
            <tr>
               <td colspan="4" class="detailsBox">
                  <div id="testng.learning.AnnotationAssertionTest_skipTest_byClass_SKIP6_exception"
                       class="testMethodDetails">
                     <pre style="padding: 5px; margin: 0;">org.testng.SkipException: THIS test cases is skipped
                        	at testng.learning.AnnotationAssertionTest.skipTest(AnnotationAssertionTest.java:64)
                        	at sun.reflect.NativeMethodAccessorImpl.invoke0(Native Method)
                        	at sun.reflect.NativeMethodAccessorImpl.invoke(NativeMethodAccessorImpl.java:62)
                        	at sun.reflect.DelegatingMethodAccessorImpl.invoke(DelegatingMethodAccessorImpl.java:43)
                        	at java.lang.reflect.Method.invoke(Method.java:498)
                        	at org.testng.internal.MethodInvocationHelper.invokeMethod(MethodInvocationHelper.java:85)
                        	at org.testng.internal.Invoker.invokeMethod(Invoker.java:639)
                        	at org.testng.internal.Invoker.invokeTestMethod(Invoker.java:821)
                        	at org.testng.internal.Invoker.invokeTestMethods(Invoker.java:1131)
                        	at org.testng.internal.TestMethodWorker.invokeTestMethods(TestMethodWorker.java:124)
                        	at org.testng.internal.TestMethodWorker.run(TestMethodWorker.java:108)
                        	at org.testng.TestRunner.privateRun(TestRunner.java:773)
                        	at org.testng.TestRunner.run(TestRunner.java:623)
                        	at org.testng.SuiteRunner.runTest(SuiteRunner.java:357)
                        	at org.testng.SuiteRunner.runSequentially(SuiteRunner.java:352)
                        	at org.testng.SuiteRunner.privateRun(SuiteRunner.java:310)
                        	at org.testng.SuiteRunner.run(SuiteRunner.java:259)
                        	at org.testng.SuiteRunnerWorker.runSuite(SuiteRunnerWorker.java:52)
                        	at org.testng.SuiteRunnerWorker.run(SuiteRunnerWorker.java:86)
                        	at org.testng.TestNG.runSuitesSequentially(TestNG.java:1185)
                        	at org.testng.TestNG.runSuitesLocally(TestNG.java:1110)
                        	at org.testng.TestNG.run(TestNG.java:1018)
                        	at org.testng.TestNG.privateMain(TestNG.java:1325)
                        	at org.testng.TestNG.main(TestNG.java:1294)
                     </pre>
                  </div>
               </td>
            </tr>
            <tr id="testng.learning.AnnotationAssertionTest_afterMethodTest_byClass_PASS7_row"
                class="testMethodStatusPASS testMethodStatusCONF">
               <td width="100%" class="firstMethodCell">
                  <a onclick="toggleDetailsVisibility('testng.learning.AnnotationAssertionTest_afterMethodTest_byClass_PASS7_details')">afterMethodTest()</a>
               </td>
               <td nowrap="true">21:51:49</td>
               <td nowrap="true" align="right">0 ms
                  
               </td>
               <td nowrap="true">
                   
                  
               </td>
            </tr>
            <tr>
               <td colspan="4" class="detailsBox">
                  <div id="testng.learning.AnnotationAssertionTest_afterMethodTest_byClass_PASS7_details"
                       class="testMethodDetails">
                     <div>
                        <b>Name: </b>afterMethodTest
                     </div>
                     <div>
                        <b>Signature: </b>afterMethodTest()[pri:0, instance:testng.learning.AnnotationAssertionTest@3ab39c39]
                     </div>
                     <div>
                        <b>Start time: </b>21:51:49
                     </div>
                     <div>
                        <b>End time: </b>21:51:49
                     </div>
                     <div>
                        <b>Duration: </b>0 ms
                        
                     </div>
                  </div>
               </td>
            </tr>
            <tr></tr>
            <tr id="testng.learning.AnnotationAssertionTest_assertTest_byClass_FAIL8_row"
                class="testMethodStatusFAIL">
               <td width="100%" class="firstMethodCell">
                  <a onclick="toggleDetailsVisibility('testng.learning.AnnotationAssertionTest_assertTest_byClass_FAIL8_details')">assertTest()</a>
               </td>
               <td nowrap="true">21:51:49</td>
               <td nowrap="true" align="right">6 ms
                  
               </td>
               <td nowrap="true">
                  <a onclick="toggleDetailsVisibility('testng.learning.AnnotationAssertionTest_assertTest_byClass_FAIL8_exception')">java.lang.AssertionError: 
                     The following asserts failed:
                     	expected [expected] but found [actual], 
                     	error message reported for failure	error message reported for failure
                     
                  </a>
                   
                  
               </td>
            </tr>
            <tr>
               <td colspan="4" class="detailsBox">
                  <div id="testng.learning.AnnotationAssertionTest_assertTest_byClass_FAIL8_details"
                       class="testMethodDetails">
                     <div>
                        <b>Name: </b>assertTest
                     </div>
                     <div>
                        <b>Signature: </b>assertTest()[pri:0, instance:testng.learning.AnnotationAssertionTest@3ab39c39]
                     </div>
                     <div>
                        <b>Start time: </b>21:51:49
                     </div>
                     <div>
                        <b>End time: </b>21:51:49
                     </div>
                     <div>
                        <b>Duration: </b>6 ms
                        
                     </div>
                  </div>
               </td>
            </tr>
            <tr>
               <td colspan="4" class="detailsBox">
                  <div id="testng.learning.AnnotationAssertionTest_assertTest_byClass_FAIL8_exception"
                       class="testMethodDetails">
                     <pre style="padding: 5px; margin: 0;">java.lang.AssertionError: The following asserts failed:
                        	expected [expected] but found [actual], 
                        	error message reported for failure	error message reported for failure
                        	at org.testng.asserts.SoftAssert.assertAll(SoftAssert.java:48)
                        	at testng.learning.AnnotationAssertionTest.assertTest(AnnotationAssertionTest.java:76)
                        	at sun.reflect.NativeMethodAccessorImpl.invoke0(Native Method)
                        	at sun.reflect.NativeMethodAccessorImpl.invoke(NativeMethodAccessorImpl.java:62)
                        	at sun.reflect.DelegatingMethodAccessorImpl.invoke(DelegatingMethodAccessorImpl.java:43)
                        	at java.lang.reflect.Method.invoke(Method.java:498)
                        	at org.testng.internal.MethodInvocationHelper.invokeMethod(MethodInvocationHelper.java:85)
                        	at org.testng.internal.Invoker.invokeMethod(Invoker.java:639)
                        	at org.testng.internal.Invoker.invokeTestMethod(Invoker.java:821)
                        	at org.testng.internal.Invoker.invokeTestMethods(Invoker.java:1131)
                        	at org.testng.internal.TestMethodWorker.invokeTestMethods(TestMethodWorker.java:124)
                        	at org.testng.internal.TestMethodWorker.run(TestMethodWorker.java:108)
                        	at org.testng.TestRunner.privateRun(TestRunner.java:773)
                        	at org.testng.TestRunner.run(TestRunner.java:623)
                        	at org.testng.SuiteRunner.runTest(SuiteRunner.java:357)
                        	at org.testng.SuiteRunner.runSequentially(SuiteRunner.java:352)
                        	at org.testng.SuiteRunner.privateRun(SuiteRunner.java:310)
                        	at org.testng.SuiteRunner.run(SuiteRunner.java:259)
                        	at org.testng.SuiteRunnerWorker.runSuite(SuiteRunnerWorker.java:52)
                        	at org.testng.SuiteRunnerWorker.run(SuiteRunnerWorker.java:86)
                        	at org.testng.TestNG.runSuitesSequentially(TestNG.java:1185)
                        	at org.testng.TestNG.runSuitesLocally(TestNG.java:1110)
                        	at org.testng.TestNG.run(TestNG.java:1018)
                        	at org.testng.TestNG.privateMain(TestNG.java:1325)
                        	at org.testng.TestNG.main(TestNG.java:1294)
                     </pre>
                  </div>
               </td>
            </tr>
            <tr id="testng.learning.AnnotationAssertionTest_beforeMethodTest_byClass_PASS9_row"
                class="testMethodStatusPASS testMethodStatusCONF">
               <td width="100%" class="firstMethodCell">
                  <a onclick="toggleDetailsVisibility('testng.learning.AnnotationAssertionTest_beforeMethodTest_byClass_PASS9_details')">beforeMethodTest()</a>
               </td>
               <td nowrap="true">21:51:49</td>
               <td nowrap="true" align="right">0 ms
                  
               </td>
               <td nowrap="true">
                   
                  
               </td>
            </tr>
            <tr>
               <td colspan="4" class="detailsBox">
                  <div id="testng.learning.AnnotationAssertionTest_beforeMethodTest_byClass_PASS9_details"
                       class="testMethodDetails">
                     <div>
                        <b>Name: </b>beforeMethodTest
                     </div>
                     <div>
                        <b>Signature: </b>beforeMethodTest()[pri:0, instance:testng.learning.AnnotationAssertionTest@3ab39c39]
                     </div>
                     <div>
                        <b>Start time: </b>21:51:49
                     </div>
                     <div>
                        <b>End time: </b>21:51:49
                     </div>
                     <div>
                        <b>Duration: </b>0 ms
                        
                     </div>
                  </div>
               </td>
            </tr>
            <tr></tr>
            <tr id="testng.learning.AnnotationAssertionTest_afterMethodTest_byClass_PASS10_row"
                class="testMethodStatusPASS testMethodStatusCONF">
               <td width="100%" class="firstMethodCell">
                  <a onclick="toggleDetailsVisibility('testng.learning.AnnotationAssertionTest_afterMethodTest_byClass_PASS10_details')">afterMethodTest()</a>
               </td>
               <td nowrap="true">21:51:49</td>
               <td nowrap="true" align="right">0 ms
                  
               </td>
               <td nowrap="true">
                   
                  
               </td>
            </tr>
            <tr>
               <td colspan="4" class="detailsBox">
                  <div id="testng.learning.AnnotationAssertionTest_afterMethodTest_byClass_PASS10_details"
                       class="testMethodDetails">
                     <div>
                        <b>Name: </b>afterMethodTest
                     </div>
                     <div>
                        <b>Signature: </b>afterMethodTest()[pri:0, instance:testng.learning.AnnotationAssertionTest@3ab39c39]
                     </div>
                     <div>
                        <b>Start time: </b>21:51:49
                     </div>
                     <div>
                        <b>End time: </b>21:51:49
                     </div>
                     <div>
                        <b>Duration: </b>0 ms
                        
                     </div>
                  </div>
               </td>
            </tr>
            <tr></tr>
            <tr id="testng.learning.AnnotationAssertionTest_changePasswordTest_byClass_SKIP11_row"
                class="testMethodStatusSKIP">
               <td width="100%" class="firstMethodCell">
                  <a onclick="toggleDetailsVisibility('testng.learning.AnnotationAssertionTest_changePasswordTest_byClass_SKIP11_details')">changePasswordTest()</a>
               </td>
               <td nowrap="true">21:51:49</td>
               <td nowrap="true" align="right">0 ms
                  
               </td>
               <td nowrap="true">
                  <a onclick="toggleDetailsVisibility('testng.learning.AnnotationAssertionTest_changePasswordTest_byClass_SKIP11_exception')">java.lang.Throwable: 
                     Method AnnotationAssertionTest.changePasswordTest()[pri:0, instance:testng.learning.AnnotationAssertionTest@3ab39c39] depends
                     on not successfully finished methods
                     
                  </a>
                   
                  
               </td>
            </tr>
            <tr>
               <td colspan="4" class="detailsBox">
                  <div id="testng.learning.AnnotationAssertionTest_changePasswordTest_byClass_SKIP11_details"
                       class="testMethodDetails">
                     <div>
                        <b>Name: </b>changePasswordTest
                     </div>
                     <div>
                        <b>Signature: </b>changePasswordTest()[pri:0, instance:testng.learning.AnnotationAssertionTest@3ab39c39]
                     </div>
                     <div>
                        <b>Start time: </b>21:51:49
                     </div>
                     <div>
                        <b>End time: </b>21:51:49
                     </div>
                     <div>
                        <b>Duration: </b>0 ms
                        
                     </div>
                     <div>
                        <b>Depends on methods:
                           
                        </b>
                        <div>
                               -
                           testng.learning.AnnotationAssertionTest.doLoginTest
                        </div>
                     </div>
                  </div>
               </td>
            </tr>
            <tr>
               <td colspan="4" class="detailsBox">
                  <div id="testng.learning.AnnotationAssertionTest_changePasswordTest_byClass_SKIP11_exception"
                       class="testMethodDetails">
                     <pre style="padding: 5px; margin: 0;">java.lang.Throwable: Method AnnotationAssertionTest.changePasswordTest()[pri:0, instance:testng.learning.AnnotationAssertionTest@3ab39c39]
                        depends on not successfully finished methods
                        	at org.testng.internal.Invoker.invokeTestMethods(Invoker.java:1040)
                        	at org.testng.internal.TestMethodWorker.invokeTestMethods(TestMethodWorker.java:124)
                        	at org.testng.internal.TestMethodWorker.run(TestMethodWorker.java:108)
                        	at org.testng.TestRunner.privateRun(TestRunner.java:773)
                        	at org.testng.TestRunner.run(TestRunner.java:623)
                        	at org.testng.SuiteRunner.runTest(SuiteRunner.java:357)
                        	at org.testng.SuiteRunner.runSequentially(SuiteRunner.java:352)
                        	at org.testng.SuiteRunner.privateRun(SuiteRunner.java:310)
                        	at org.testng.SuiteRunner.run(SuiteRunner.java:259)
                        	at org.testng.SuiteRunnerWorker.runSuite(SuiteRunnerWorker.java:52)
                        	at org.testng.SuiteRunnerWorker.run(SuiteRunnerWorker.java:86)
                        	at org.testng.TestNG.runSuitesSequentially(TestNG.java:1185)
                        	at org.testng.TestNG.runSuitesLocally(TestNG.java:1110)
                        	at org.testng.TestNG.run(TestNG.java:1018)
                        	at org.testng.TestNG.privateMain(TestNG.java:1325)
                        	at org.testng.TestNG.main(TestNG.java:1294)
                     </pre>
                  </div>
               </td>
            </tr>
            <tr id="testng.learning.AnnotationAssertionTest_logoutTest_byClass_SKIP12_row"
                class="testMethodStatusSKIP">
               <td width="100%" class="firstMethodCell">
                  <a onclick="toggleDetailsVisibility('testng.learning.AnnotationAssertionTest_logoutTest_byClass_SKIP12_details')">logoutTest()</a>
               </td>
               <td nowrap="true">21:51:49</td>
               <td nowrap="true" align="right">0 ms
                  
               </td>
               <td nowrap="true">
                  <a onclick="toggleDetailsVisibility('testng.learning.AnnotationAssertionTest_logoutTest_byClass_SKIP12_exception')">java.lang.Throwable: 
                     Method AnnotationAssertionTest.logoutTest()[pri:0, instance:testng.learning.AnnotationAssertionTest@3ab39c39] depends on not
                     successfully finished methods
                     
                  </a>
                   
                  
               </td>
            </tr>
            <tr>
               <td colspan="4" class="detailsBox">
                  <div id="testng.learning.AnnotationAssertionTest_logoutTest_byClass_SKIP12_details"
                       class="testMethodDetails">
                     <div>
                        <b>Name: </b>logoutTest
                     </div>
                     <div>
                        <b>Signature: </b>logoutTest()[pri:0, instance:testng.learning.AnnotationAssertionTest@3ab39c39]
                     </div>
                     <div>
                        <b>Start time: </b>21:51:49
                     </div>
                     <div>
                        <b>End time: </b>21:51:49
                     </div>
                     <div>
                        <b>Duration: </b>0 ms
                        
                     </div>
                     <div>
                        <b>Depends on methods:
                           
                        </b>
                        <div>
                               -
                           testng.learning.AnnotationAssertionTest.doLoginTest
                        </div>
                     </div>
                  </div>
               </td>
            </tr>
            <tr>
               <td colspan="4" class="detailsBox">
                  <div id="testng.learning.AnnotationAssertionTest_logoutTest_byClass_SKIP12_exception"
                       class="testMethodDetails">
                     <pre style="padding: 5px; margin: 0;">java.lang.Throwable: Method AnnotationAssertionTest.logoutTest()[pri:0, instance:testng.learning.AnnotationAssertionTest@3ab39c39]
                        depends on not successfully finished methods
                        	at org.testng.internal.Invoker.invokeTestMethods(Invoker.java:1040)
                        	at org.testng.internal.TestMethodWorker.invokeTestMethods(TestMethodWorker.java:124)
                        	at org.testng.internal.TestMethodWorker.run(TestMethodWorker.java:108)
                        	at org.testng.TestRunner.privateRun(TestRunner.java:773)
                        	at org.testng.TestRunner.run(TestRunner.java:623)
                        	at org.testng.SuiteRunner.runTest(SuiteRunner.java:357)
                        	at org.testng.SuiteRunner.runSequentially(SuiteRunner.java:352)
                        	at org.testng.SuiteRunner.privateRun(SuiteRunner.java:310)
                        	at org.testng.SuiteRunner.run(SuiteRunner.java:259)
                        	at org.testng.SuiteRunnerWorker.runSuite(SuiteRunnerWorker.java:52)
                        	at org.testng.SuiteRunnerWorker.run(SuiteRunnerWorker.java:86)
                        	at org.testng.TestNG.runSuitesSequentially(TestNG.java:1185)
                        	at org.testng.TestNG.runSuitesLocally(TestNG.java:1110)
                        	at org.testng.TestNG.run(TestNG.java:1018)
                        	at org.testng.TestNG.privateMain(TestNG.java:1325)
                        	at org.testng.TestNG.main(TestNG.java:1294)
                     </pre>
                  </div>
               </td>
            </tr>
            <tr id="testng.learning.AnnotationAssertionTest_afterTest_byClass_PASS13_row"
                class="testMethodStatusPASS testMethodStatusCONF">
               <td width="100%" class="firstMethodCell">
                  <a onclick="toggleDetailsVisibility('testng.learning.AnnotationAssertionTest_afterTest_byClass_PASS13_details')">afterTest()</a>
               </td>
               <td nowrap="true">21:51:49</td>
               <td nowrap="true" align="right">0 ms
                  
               </td>
               <td nowrap="true">
                   
                  
               </td>
            </tr>
            <tr>
               <td colspan="4" class="detailsBox">
                  <div id="testng.learning.AnnotationAssertionTest_afterTest_byClass_PASS13_details"
                       class="testMethodDetails">
                     <div>
                        <b>Name: </b>afterTest
                     </div>
                     <div>
                        <b>Signature: </b>afterTest()[pri:0, instance:testng.learning.AnnotationAssertionTest@3ab39c39]
                     </div>
                     <div>
                        <b>Start time: </b>21:51:49
                     </div>
                     <div>
                        <b>End time: </b>21:51:49
                     </div>
                     <div>
                        <b>Duration: </b>0 ms
                        
                     </div>
                  </div>
               </td>
            </tr>
            <tr></tr>
         </table>
         <br></br>
      </div>
      <div style="margin-top: 15px; color: gray; text-align: center; font-size: 9px;">
         Generated with
         
         <a href="http://code.google.com/p/testng-xslt/" style="color: #8888aa;"
            target="_blank">
            TestNG XSLT
            
         </a>
      </div>
   </body>
</html>